# JRE version: Java(TM) SE Runtime Environment (8.0_201-b09) (build 1.8.0_201-b09)
# Java VM: Java HotSpot(TM) 64-Bit Server VM (25.201-b09 mixed mode linux-amd64 compressed oops)
Heap:
 PSYoungGen      total 179200K, used 7920K [0x000000076cf00000, 0x000000077d480000, 0x00000007c0000000)
  eden space 164864K, 0% used [0x000000076cf00000,0x000000076cf00000,0x0000000777000000)
  from space 14336K, 55% used [0x0000000777d00000,0x00000007784bc030,0x0000000778b00000)
  to   space 13312K, 0% used [0x0000000777000000,0x0000000777000000,0x0000000777d00000)
 ParOldGen       total 93696K, used 8514K [0x00000006c6c00000, 0x00000006cc780000, 0x000000076cf00000)
  object space 93696K, 9% used [0x00000006c6c00000,0x00000006c7450a08,0x00000006cc780000)
 Metaspace       used 33967K, capacity 35338K, committed 35416K, reserved 1079296K
  class space    used 4361K, capacity 4630K, committed 4696K, reserved 1048576K
GC Heap History (10 events):
Event: 1.562 GC heap after
Heap after GC invocations=3 (full 0):
 PSYoungGen      total 74752K, used 5517K [0x000000076cf00000, 0x0000000776100000, 0x00000007c0000000)
  eden space 64512K, 0% used [0x000000076cf00000,0x000000076cf00000,0x0000000770e00000)
  from space 10240K, 53% used [0x0000000770e00000,0x0000000771363720,0x0000000771800000)
  to   space 10240K, 0% used [0x0000000775700000,0x0000000775700000,0x0000000776100000)
 ParOldGen       total 171008K, used 32K [0x00000006c6c00000, 0x00000006d1300000, 0x000000076cf00000)
  object space 171008K, 0% used [0x00000006c6c00000,0x00000006c6c08000,0x00000006d1300000)
 Metaspace       used 20624K, capacity 21166K, committed 21248K, reserved 1067008K
  class space    used 2631K, capacity 2810K, committed 2816K, reserved 1048576K
}
Event: 1.562 GC heap before
{Heap before GC invocations=4 (full 1):
 PSYoungGen      total 74752K, used 5517K [0x000000076cf00000, 0x0000000776100000, 0x00000007c0000000)
  eden space 64512K, 0% used [0x000000076cf00000,0x000000076cf00000,0x0000000770e00000)
  from space 10240K, 53% used [0x0000000770e00000,0x0000000771363720,0x0000000771800000)
  to   space 10240K, 0% used [0x0000000775700000,0x0000000775700000,0x0000000776100000)
 ParOldGen       total 171008K, used 32K [0x00000006c6c00000, 0x00000006d1300000, 0x000000076cf00000)
  object space 171008K, 0% used [0x00000006c6c00000,0x00000006c6c08000,0x00000006d1300000)
 Metaspace       used 20624K, capacity 21166K, committed 21248K, reserved 1067008K
  class space    used 2631K, capacity 2810K, committed 2816K, reserved 1048576K
Event: 1.585 GC heap after
Heap after GC invocations=4 (full 1):
 PSYoungGen      total 74752K, used 0K [0x000000076cf00000, 0x0000000776100000, 0x00000007c0000000)
  eden space 64512K, 0% used [0x000000076cf00000,0x000000076cf00000,0x0000000770e00000)
  from space 10240K, 0% used [0x0000000770e00000,0x0000000770e00000,0x0000000771800000)
  to   space 10240K, 0% used [0x0000000775700000,0x0000000775700000,0x0000000776100000)
 ParOldGen       total 93696K, used 5325K [0x00000006c6c00000, 0x00000006cc780000, 0x000000076cf00000)
  object space 93696K, 5% used [0x00000006c6c00000,0x00000006c71336c0,0x00000006cc780000)
 Metaspace       used 20622K, capacity 21160K, committed 21248K, reserved 1067008K
  class space    used 2630K, capacity 2809K, committed 2816K, reserved 1048576K
}
Event: 2.247 GC heap before
{Heap before GC invocations=5 (full 1):
 PSYoungGen      total 74752K, used 64512K [0x000000076cf00000, 0x0000000776100000, 0x00000007c0000000)
  eden space 64512K, 100% used [0x000000076cf00000,0x0000000770e00000,0x0000000770e00000)
  from space 10240K, 0% used [0x0000000770e00000,0x0000000770e00000,0x0000000771800000)
  to   space 10240K, 0% used [0x0000000775700000,0x0000000775700000,0x0000000776100000)
 ParOldGen       total 93696K, used 5325K [0x00000006c6c00000, 0x00000006cc780000, 0x000000076cf00000)
  object space 93696K, 5% used [0x00000006c6c00000,0x00000006c71336c0,0x00000006cc780000)
 Metaspace       used 26037K, capacity 26722K, committed 26880K, reserved 1073152K
  class space    used 3281K, capacity 3470K, committed 3584K, reserved 1048576K
Event: 2.255 GC heap after
Heap after GC invocations=5 (full 1):
 PSYoungGen      total 111104K, used 6707K [0x000000076cf00000, 0x0000000775e00000, 0x00000007c0000000)
  eden space 103936K, 0% used [0x000000076cf00000,0x000000076cf00000,0x0000000773480000)
  from space 7168K, 93% used [0x0000000775700000,0x0000000775d8cf58,0x0000000775e00000)
  to   space 10240K, 0% used [0x0000000774a00000,0x0000000774a00000,0x0000000775400000)
 ParOldGen       total 93696K, used 5397K [0x00000006c6c00000, 0x00000006cc780000, 0x000000076cf00000)
  object space 93696K, 5% used [0x00000006c6c00000,0x00000006c71456d0,0x00000006cc780000)
 Metaspace       used 26037K, capacity 26722K, committed 26880K, reserved 1073152K
  class space    used 3281K, capacity 3470K, committed 3584K, reserved 1048576K
}
Event: 3.752 GC heap before
{Heap before GC invocations=6 (full 1):
 PSYoungGen      total 111104K, used 110643K [0x000000076cf00000, 0x0000000775e00000, 0x00000007c0000000)
  eden space 103936K, 100% used [0x000000076cf00000,0x0000000773480000,0x0000000773480000)
  from space 7168K, 93% used [0x0000000775700000,0x0000000775d8cf58,0x0000000775e00000)
  to   space 10240K, 0% used [0x0000000774a00000,0x0000000774a00000,0x0000000775400000)
 ParOldGen       total 93696K, used 5397K [0x00000006c6c00000, 0x00000006cc780000, 0x000000076cf00000)
  object space 93696K, 5% used [0x00000006c6c00000,0x00000006c71456d0,0x00000006cc780000)
 Metaspace       used 33918K, capacity 35338K, committed 35416K, reserved 1079296K
  class space    used 4354K, capacity 4630K, committed 4696K, reserved 1048576K
Event: 3.768 GC heap after
Heap after GC invocations=6 (full 1):
 PSYoungGen      total 136192K, used 10211K [0x000000076cf00000, 0x0000000778b00000, 0x00000007c0000000)
  eden space 125952K, 0% used [0x000000076cf00000,0x000000076cf00000,0x0000000774a00000)
  from space 10240K, 99% used [0x0000000774a00000,0x00000007753f8e78,0x0000000775400000)
  to   space 14336K, 0% used [0x0000000777d00000,0x0000000777d00000,0x0000000778b00000)
 ParOldGen       total 93696K, used 8506K [0x00000006c6c00000, 0x00000006cc780000, 0x000000076cf00000)
  object space 93696K, 9% used [0x00000006c6c00000,0x00000006c744ea08,0x00000006cc780000)
 Metaspace       used 33918K, capacity 35338K, committed 35416K, reserved 1079296K
  class space    used 4354K, capacity 4630K, committed 4696K, reserved 1048576K
}
Event: 3.781 GC heap before
{Heap before GC invocations=7 (full 1):
 PSYoungGen      total 136192K, used 12229K [0x000000076cf00000, 0x0000000778b00000, 0x00000007c0000000)
  eden space 125952K, 1% used [0x000000076cf00000,0x000000076d0f85d8,0x0000000774a00000)
  from space 10240K, 99% used [0x0000000774a00000,0x00000007753f8e78,0x0000000775400000)
  to   space 14336K, 0% used [0x0000000777d00000,0x0000000777d00000,0x0000000778b00000)
 ParOldGen       total 93696K, used 8506K [0x00000006c6c00000, 0x00000006cc780000, 0x000000076cf00000)
  object space 93696K, 9% used [0x00000006c6c00000,0x00000006c744ea08,0x00000006cc780000)
 Metaspace       used 33967K, capacity 35338K, committed 35416K, reserved 1079296K
  class space    used 4361K, capacity 4630K, committed 4696K, reserved 1048576K
Event: 3.798 GC heap after
Heap after GC invocations=7 (full 1):
 PSYoungGen      total 179200K, used 7920K [0x000000076cf00000, 0x000000077d480000, 0x00000007c0000000)
  eden space 164864K, 0% used [0x000000076cf00000,0x000000076cf00000,0x0000000777000000)
  from space 14336K, 55% used [0x0000000777d00000,0x00000007784bc030,0x0000000778b00000)
  to   space 13312K, 0% used [0x0000000777000000,0x0000000777000000,0x0000000777d00000)
 ParOldGen       total 93696K, used 8514K [0x00000006c6c00000, 0x00000006cc780000, 0x000000076cf00000)
  object space 93696K, 9% used [0x00000006c6c00000,0x00000006c7450a08,0x00000006cc780000)
 Metaspace       used 33967K, capacity 35338K, committed 35416K, reserved 1079296K
  class space    used 4361K, capacity 4630K, committed 4696K, reserved 1048576K
}
Event: 3.799 GC heap before
{Heap before GC invocations=8 (full 2):
 PSYoungGen      total 179200K, used 7920K [0x000000076cf00000, 0x000000077d480000, 0x00000007c0000000)
  eden space 164864K, 0% used [0x000000076cf00000,0x000000076cf00000,0x0000000777000000)
  from space 14336K, 55% used [0x0000000777d00000,0x00000007784bc030,0x0000000778b00000)
  to   space 13312K, 0% used [0x0000000777000000,0x0000000777000000,0x0000000777d00000)
 ParOldGen       total 93696K, used 8514K [0x00000006c6c00000, 0x00000006cc780000, 0x000000076cf00000)
  object space 93696K, 9% used [0x00000006c6c00000,0x00000006c7450a08,0x00000006cc780000)
 Metaspace       used 33967K, capacity 35338K, committed 35416K, reserved 1079296K
  class space    used 4361K, capacity 4630K, committed 4696K, reserved 1048576K

